<?xml version="1.0" encoding="UTF-8"?>
<!-- Generated by org.testng.reporters.JUnitReportReporter -->
<testsuite hostname="DESKTOP-RI9GKG4" failures="0" tests="3" name="mem.qa.testScripts.LoginPage1Test" time="22.629" errors="0" timestamp="2024-03-15T18:59:25 IST" skipped="0">
  <testcase classname="mem.qa.testScripts.LoginPage1Test" name="checkTitleTest" time="0.065"/>
  <system-out/>
  <testcase classname="mem.qa.testScripts.LoginPage1Test" name="checkLoginTest" time="11.190"/>
  <system-out/>
  <testcase classname="mem.qa.testScripts.LoginPage1Test" name="checkselectStore" time="11.374"/>
  <system-out/>
</testsuite> <!-- mem.qa.testScripts.LoginPage1Test -->
