<?xml version="1.0" encoding="UTF-8"?>
<!-- Generated by org.testng.reporters.JUnitReportReporter -->
<testsuite hostname="DESKTOP-RI9GKG4" failures="1" tests="29" name="mem.qa.testScripts.MemDashboardPageTest" time="13.561" errors="0" timestamp="2024-03-14T19:36:10 IST" skipped="0">
  <testcase classname="mem.qa.testScripts.MemDashboardPageTest" name="checkSalesChartHeader" time="1.192"/>
  <system-out/>
  <testcase classname="mem.qa.testScripts.MemDashboardPageTest" name="checkPageTitle" time="5.879"/>
  <system-out/>
  <testcase classname="mem.qa.testScripts.MemDashboardPageTest" name="checkPageHeadingTest" time="0.054"/>
  <system-out/>
  <testcase classname="mem.qa.testScripts.MemDashboardPageTest" name="checkbrandlogoTest" time="0.059"/>
  <system-out/>
  <testcase classname="mem.qa.testScripts.MemDashboardPageTest" name="checkProfileNameTest" time="1.151"/>
  <system-out/>
  <testcase classname="mem.qa.testScripts.MemDashboardPageTest" name="checkTotalRevenueTest" time="0.053"/>
  <system-out/>
  <testcase classname="mem.qa.testScripts.MemDashboardPageTest" name="checkProfitLogoTest" time="0.058"/>
  <system-out/>
  <testcase classname="mem.qa.testScripts.MemDashboardPageTest" name="checkTotalProfitTest" time="0.041"/>
  <system-out/>
  <testcase classname="mem.qa.testScripts.MemDashboardPageTest" name="checkProfitLogo" time="0.061"/>
  <system-out/>
  <testcase classname="mem.qa.testScripts.MemDashboardPageTest" name="checkTotalOrderTest" time="0.044"/>
  <system-out/>
  <testcase classname="mem.qa.testScripts.MemDashboardPageTest" name="checkOrderLogoTest" time="0.063"/>
  <system-out/>
  <testcase classname="mem.qa.testScripts.MemDashboardPageTest" name="checkImportedProductTest" time="0.043"/>
  <system-out/>
  <testcase classname="mem.qa.testScripts.MemDashboardPageTest" name="checkImportedProductLogo" time="0.062"/>
  <system-out/>
  <testcase classname="mem.qa.testScripts.MemDashboardPageTest" name="checkHomeButtonTest" time="0.062"/>
  <system-out/>
  <testcase classname="mem.qa.testScripts.MemDashboardPageTest" name="checkProductBtnTest" time="0.322"/>
  <system-out/>
  <testcase classname="mem.qa.testScripts.MemDashboardPageTest" name="checkOrdersBtnTest" time="0.047"/>
  <system-out/>
  <testcase classname="mem.qa.testScripts.MemDashboardPageTest" name="checkDateValidationTest" time="1.214"/>
  <system-out/>
  <testcase classname="mem.qa.testScripts.MemDashboardPageTest" name="checkProfitDataValidationTest" time="0.355"/>
  <system-out/>
  <testcase classname="mem.qa.testScripts.MemDashboardPageTest" name="checkRevenueDataValidationTest" time="0.055"/>
  <system-out/>
  <testcase classname="mem.qa.testScripts.MemDashboardPageTest" name="checkOrdersDataValidationTest" time="0.039"/>
  <system-out/>
  <testcase classname="mem.qa.testScripts.MemDashboardPageTest" name="checkImportprodDataValidationTest" time="0.048">
    <failure message="expected [102] but found [100]" type="java.lang.AssertionError">
      <![CDATA[java.lang.AssertionError: expected [102] but found [100]
at org.testng.Assert.fail(Assert.java:99)
at org.testng.Assert.failNotEquals(Assert.java:1037)
at org.testng.Assert.assertEqualsImpl(Assert.java:140)
at org.testng.Assert.assertEquals(Assert.java:122)
at org.testng.Assert.assertEquals(Assert.java:629)
at org.testng.Assert.assertEquals(Assert.java:639)
at mem.qa.testScripts.MemDashboardPageTest.checkImportprodDataValidationTest(MemDashboardPageTest.java:149)
at java.base/jdk.internal.reflect.DirectMethodHandleAccessor.invoke(DirectMethodHandleAccessor.java:103)
at java.base/java.lang.reflect.Method.invoke(Method.java:580)
at org.testng.internal.MethodInvocationHelper.invokeMethod(MethodInvocationHelper.java:133)
at org.testng.internal.TestInvoker.invokeMethod(TestInvoker.java:598)
at org.testng.internal.TestInvoker.invokeTestMethod(TestInvoker.java:173)
at org.testng.internal.MethodRunner.runInSequence(MethodRunner.java:46)
at org.testng.internal.TestInvoker$MethodInvocationAgent.invoke(TestInvoker.java:824)
at org.testng.internal.TestInvoker.invokeTestMethods(TestInvoker.java:146)
at org.testng.internal.TestMethodWorker.invokeTestMethods(TestMethodWorker.java:146)
at org.testng.internal.TestMethodWorker.run(TestMethodWorker.java:128)
at java.base/java.util.ArrayList.forEach(ArrayList.java:1596)
at org.testng.TestRunner.privateRun(TestRunner.java:794)
at org.testng.TestRunner.run(TestRunner.java:596)
at org.testng.SuiteRunner.runTest(SuiteRunner.java:377)
at org.testng.SuiteRunner.runSequentially(SuiteRunner.java:371)
at org.testng.SuiteRunner.privateRun(SuiteRunner.java:332)
at org.testng.SuiteRunner.run(SuiteRunner.java:276)
at org.testng.SuiteRunnerWorker.runSuite(SuiteRunnerWorker.java:53)
at org.testng.SuiteRunnerWorker.run(SuiteRunnerWorker.java:96)
at org.testng.TestNG.runSuitesSequentially(TestNG.java:1212)
at org.testng.TestNG.runSuitesLocally(TestNG.java:1134)
at org.testng.TestNG.runSuites(TestNG.java:1063)
at org.testng.TestNG.run(TestNG.java:1031)
at org.testng.remote.AbstractRemoteTestNG.run(AbstractRemoteTestNG.java:115)
at org.testng.remote.RemoteTestNG.initAndRun(RemoteTestNG.java:251)
at org.testng.remote.RemoteTestNG.main(RemoteTestNG.java:77)
]]>
    </failure>
  </testcase> <!-- checkImportprodDataValidationTest -->
  <system-out/>
  <testcase classname="mem.qa.testScripts.MemDashboardPageTest" name="checkTopProductListValidationTest" time="0.044"/>
  <system-out/>
  <testcase classname="mem.qa.testScripts.MemDashboardPageTest" name="checkSalesReportTest" time="0.051"/>
  <system-out/>
  <testcase classname="mem.qa.testScripts.MemDashboardPageTest" name="checkRevenuePercentageTest" time="0.032"/>
  <system-out/>
  <testcase classname="mem.qa.testScripts.MemDashboardPageTest" name="checkProfitPercentageTest" time="0.034"/>
  <system-out/>
  <testcase classname="mem.qa.testScripts.MemDashboardPageTest" name="checkOrderPercentageTest" time="0.060"/>
  <system-out/>
  <testcase classname="mem.qa.testScripts.MemDashboardPageTest" name="checkImpProductPercentageTest" time="0.067"/>
  <system-out/>
  <testcase classname="mem.qa.testScripts.MemDashboardPageTest" name="checkProfitReportTest" time="1.195"/>
  <system-out/>
  <testcase classname="mem.qa.testScripts.MemDashboardPageTest" name="checkProfitChartHeader" time="1.176"/>
  <system-out/>
</testsuite> <!-- mem.qa.testScripts.MemDashboardPageTest -->
