<?xml version="1.0" encoding="UTF-8"?>
<!-- Generated by org.testng.reporters.JUnitReportReporter -->
<testsuite hostname="DESKTOP-RI9GKG4" failures="0" tests="25" name="mem.qa.testScripts.MemSettingPageTest" time="47.168" errors="0" timestamp="2024-03-14T19:36:10 IST" skipped="0">
  <testcase classname="mem.qa.testScripts.MemSettingPageTest" name="checkPageTitleTest" time="0.375"/>
  <system-out/>
  <testcase classname="mem.qa.testScripts.MemSettingPageTest" name="checkPageHeadingTest" time="0.171"/>
  <system-out/>
  <testcase classname="mem.qa.testScripts.MemSettingPageTest" name="checkShopNameTest" time="0.049"/>
  <system-out/>
  <testcase classname="mem.qa.testScripts.MemSettingPageTest" name="checkShopURLTest" time="0.058"/>
  <system-out/>
  <testcase classname="mem.qa.testScripts.MemSettingPageTest" name="checkShopEmailTest" time="0.059"/>
  <system-out/>
  <testcase classname="mem.qa.testScripts.MemSettingPageTest" name="checkShopifyPlanTest" time="0.044"/>
  <system-out/>
  <testcase classname="mem.qa.testScripts.MemSettingPageTest" name="checkSignOutBtnTest" time="0.049"/>
  <system-out/>
  <testcase classname="mem.qa.testScripts.MemSettingPageTest" name="checkTitleGlobalPricinTest" time="0.235"/>
  <system-out/>
  <testcase classname="mem.qa.testScripts.MemSettingPageTest" name="checkInvalidInputTest" time="1.768"/>
  <system-out/>
  <testcase classname="mem.qa.testScripts.MemSettingPageTest" name="checkBlankInputTest" time="2.954"/>
  <system-out/>
  <testcase classname="mem.qa.testScripts.MemSettingPageTest" name="checkCompMarkupInvalidInput" time="0.685"/>
  <system-out/>
  <testcase classname="mem.qa.testScripts.MemSettingPageTest" name="checkCompMarkupBlankInput" time="2.782"/>
  <system-out/>
  <testcase classname="mem.qa.testScripts.MemSettingPageTest" name="checkAssingCentInputTest" time="2.203"/>
  <system-out/>
  <testcase classname="mem.qa.testScripts.MemSettingPageTest" name="checkSaveBtnTest" time="3.917"/>
  <system-out/>
  <testcase classname="mem.qa.testScripts.MemSettingPageTest" name="checkAdvancePricingRuleTest" time="11.504"/>
  <system-out/>
  <testcase classname="mem.qa.testScripts.MemSettingPageTest" name="checkAdvSaveandUpdate" time="7.522"/>
  <system-out/>
  <testcase classname="mem.qa.testScripts.MemSettingPageTest" name="checkbillingPageTitleTest" time="0.832"/>
  <system-out/>
  <testcase classname="mem.qa.testScripts.MemSettingPageTest" name="check_Invalid_Card_number_Test" time="0.610"/>
  <system-out/>
  <testcase classname="mem.qa.testScripts.MemSettingPageTest" name="check_Invalid_Exp_Date_Test" time="2.388"/>
  <system-out/>
  <testcase classname="mem.qa.testScripts.MemSettingPageTest" name="check_Invalid_CVV_No_Test" time="1.273"/>
  <system-out/>
  <testcase classname="mem.qa.testScripts.MemSettingPageTest" name="check_Blank_Input_Field_Test" time="0.322"/>
  <system-out/>
  <testcase classname="mem.qa.testScripts.MemSettingPageTest" name="check_Valid_Card_details_Test" time="7.245"/>
  <system-out/>
  <testcase classname="mem.qa.testScripts.MemSettingPageTest" name="check_last_Four_digit_Test" time="0.031"/>
  <system-out/>
  <testcase classname="mem.qa.testScripts.MemSettingPageTest" name="check_Holder_Name_Test" time="0.043"/>
  <system-out/>
  <testcase classname="mem.qa.testScripts.MemSettingPageTest" name="check_Card_Type_Test" time="0.049"/>
  <system-out/>
</testsuite> <!-- mem.qa.testScripts.MemSettingPageTest -->
