<?xml version="1.0" encoding="UTF-8"?>
<!-- Generated by org.testng.reporters.JUnitReportReporter -->
<testsuite hostname="DESKTOP-RI9GKG4" failures="0" tests="1" name="mem.qa.testScripts.ShopifyPageTest" time="34.739" errors="0" timestamp="2024-01-30T19:02:50 IST" skipped="0">
  <testcase classname="mem.qa.testScripts.ShopifyPageTest" name="selectstore" time="34.739"/>
  <system-out/>
</testsuite> <!-- mem.qa.testScripts.ShopifyPageTest -->
