<?xml version="1.0" encoding="UTF-8"?>
<!-- Generated by org.testng.reporters.JUnitReportReporter -->
<testsuite hostname="DESKTOP-RI9GKG4" failures="0" tests="29" name="mem.qa.testScripts.MemDashboardPageTest" time="15.476" errors="0" timestamp="2024-02-26T17:07:21 IST" skipped="0">
  <testcase classname="mem.qa.testScripts.MemDashboardPageTest" name="checkPageTitle" time="8.035"/>
  <system-out/>
  <testcase classname="mem.qa.testScripts.MemDashboardPageTest" name="checkSalesChartHeader" time="1.234"/>
  <system-out/>
  <testcase classname="mem.qa.testScripts.MemDashboardPageTest" name="checkPageHeadingTest" time="0.034"/>
  <system-out/>
  <testcase classname="mem.qa.testScripts.MemDashboardPageTest" name="checkbrandlogoTest" time="0.063"/>
  <system-out/>
  <testcase classname="mem.qa.testScripts.MemDashboardPageTest" name="checkProfileNameTest" time="1.193"/>
  <system-out/>
  <testcase classname="mem.qa.testScripts.MemDashboardPageTest" name="checkTotalRevenueTest" time="0.046"/>
  <system-out/>
  <testcase classname="mem.qa.testScripts.MemDashboardPageTest" name="checkProfitLogoTest" time="0.058"/>
  <system-out/>
  <testcase classname="mem.qa.testScripts.MemDashboardPageTest" name="checkTotalProfitTest" time="0.040"/>
  <system-out/>
  <testcase classname="mem.qa.testScripts.MemDashboardPageTest" name="checkProfitLogo" time="0.059"/>
  <system-out/>
  <testcase classname="mem.qa.testScripts.MemDashboardPageTest" name="checkTotalOrderTest" time="0.045"/>
  <system-out/>
  <testcase classname="mem.qa.testScripts.MemDashboardPageTest" name="checkOrderLogoTest" time="0.062"/>
  <system-out/>
  <testcase classname="mem.qa.testScripts.MemDashboardPageTest" name="checkImportedProductTest" time="0.042"/>
  <system-out/>
  <testcase classname="mem.qa.testScripts.MemDashboardPageTest" name="checkImportedProductLogo" time="0.047"/>
  <system-out/>
  <testcase classname="mem.qa.testScripts.MemDashboardPageTest" name="checkHomeButtonTest" time="0.061"/>
  <system-out/>
  <testcase classname="mem.qa.testScripts.MemDashboardPageTest" name="checkProductBtnTest" time="0.059"/>
  <system-out/>
  <testcase classname="mem.qa.testScripts.MemDashboardPageTest" name="checkOrdersBtnTest" time="0.044"/>
  <system-out/>
  <testcase classname="mem.qa.testScripts.MemDashboardPageTest" name="checkDateValidationTest" time="1.192"/>
  <system-out/>
  <testcase classname="mem.qa.testScripts.MemDashboardPageTest" name="checkProfitDataValidationTest" time="0.401"/>
  <system-out/>
  <testcase classname="mem.qa.testScripts.MemDashboardPageTest" name="checkRevenueDataValidationTest" time="0.047"/>
  <system-out/>
  <testcase classname="mem.qa.testScripts.MemDashboardPageTest" name="checkOrdersDataValidationTest" time="0.080"/>
  <system-out/>
  <testcase classname="mem.qa.testScripts.MemDashboardPageTest" name="checkImportprodDataValidationTest" time="0.042"/>
  <system-out/>
  <testcase classname="mem.qa.testScripts.MemDashboardPageTest" name="checkTopProductListValidationTest" time="0.050"/>
  <system-out/>
  <testcase classname="mem.qa.testScripts.MemDashboardPageTest" name="checkSalesReportTest" time="0.040"/>
  <system-out/>
  <testcase classname="mem.qa.testScripts.MemDashboardPageTest" name="checkRevenuePercentageTest" time="0.046"/>
  <system-out/>
  <testcase classname="mem.qa.testScripts.MemDashboardPageTest" name="checkProfitPercentageTest" time="0.040"/>
  <system-out/>
  <testcase classname="mem.qa.testScripts.MemDashboardPageTest" name="checkOrderPercentageTest" time="0.047"/>
  <system-out/>
  <testcase classname="mem.qa.testScripts.MemDashboardPageTest" name="checkImpProductPercentageTest" time="0.074"/>
  <system-out/>
  <testcase classname="mem.qa.testScripts.MemDashboardPageTest" name="checkProfitReportTest" time="1.182"/>
  <system-out/>
  <testcase classname="mem.qa.testScripts.MemDashboardPageTest" name="checkProfitChartHeader" time="1.113"/>
  <system-out/>
</testsuite> <!-- mem.qa.testScripts.MemDashboardPageTest -->
