<?xml version="1.0" encoding="UTF-8"?>
<!-- Generated by org.testng.reporters.JUnitReportReporter -->
<testsuite hostname="DESKTOP-RI9GKG4" failures="0" tests="3" name="mem.qa.testScripts.LoginPage1Test" time="33.644" errors="0" timestamp="2024-02-26T19:14:44 IST" skipped="0">
  <testcase classname="mem.qa.testScripts.LoginPage1Test" name="checkTitleTest" time="0.107"/>
  <system-out/>
  <testcase classname="mem.qa.testScripts.LoginPage1Test" name="checkLoginTest" time="21.268"/>
  <system-out/>
  <testcase classname="mem.qa.testScripts.LoginPage1Test" name="checkselectStore" time="12.269"/>
  <system-out/>
</testsuite> <!-- mem.qa.testScripts.LoginPage1Test -->
