<?xml version="1.0" encoding="UTF-8"?>
<!-- Generated by org.testng.reporters.JUnitReportReporter -->
<testsuite hostname="DESKTOP-RI9GKG4" failures="0" tests="3" name="mem.qa.testScripts.LoginPage1Test" time="21.774" errors="0" timestamp="2024-03-11T18:38:47 IST" skipped="0">
  <testcase classname="mem.qa.testScripts.LoginPage1Test" name="checkTitleTest" time="0.043"/>
  <system-out/>
  <testcase classname="mem.qa.testScripts.LoginPage1Test" name="checkLoginTest" time="10.752"/>
  <system-out/>
  <testcase classname="mem.qa.testScripts.LoginPage1Test" name="checkselectStore" time="10.979"/>
  <system-out/>
</testsuite> <!-- mem.qa.testScripts.LoginPage1Test -->
