<?xml version="1.0" encoding="UTF-8"?>
<!-- Generated by org.testng.reporters.JUnitReportReporter -->
<testsuite hostname="LAPTOP-IKS9SD1L" failures="0" tests="5" name="kite.qa.testScripts.LoginPageTest" time="42.888" errors="0" timestamp="2021-09-05T20:01:55 IST" skipped="0">
  <testcase classname="kite.qa.testScripts.LoginPageTest" name="checkTitleTest" time="7.518"/>
  <system-out/>
  <testcase classname="kite.qa.testScripts.LoginPageTest" name="checkLogoTest" time="8.971"/>
  <system-out/>
  <testcase classname="kite.qa.testScripts.LoginPageTest" name="checkHeaderTest" time="7.293"/>
  <system-out/>
  <testcase classname="kite.qa.testScripts.LoginPageTest" name="checkForgotPasswordLinkTest" time="6.076"/>
  <system-out/>
  <testcase classname="kite.qa.testScripts.LoginPageTest" name="checkSignUpTest" time="13.030"/>
  <system-out/>
</testsuite> <!-- kite.qa.testScripts.LoginPageTest -->
